Using pre-set license
Built from '2020.3/staging' branch; Version is '2020.3.21f1 (a38c86f6690f) revision 10718342'; Using compiler version '192528614'; Build Type 'Release'
OS: 'Windows 10 Pro; OS build 19043.1586; Version 2009; 64bit' Language: 'en' Physical Memory: 8026 MB
BatchMode: 1, IsHumanControllingUs: 0, StartBugReporterOnCrash: 0, Is64bit: 1, IsPro: 0

COMMAND LINE ARGUMENTS:
C:\Program Files\Unity\Hub\Editor\2020.3.21f1\Editor\Unity.exe
-adb2
-batchMode
-noUpm
-name
AssetImportWorker2
-projectPath
C:/Users/User/Downloads/unity-mobile-sensors-demo-main/unity-mobile-sensors-demo-main/DesignPatternMusic
-logFile
Logs/AssetImportWorker2.log
-srvPort
56097
Successfully changed project path to: C:/Users/User/Downloads/unity-mobile-sensors-demo-main/unity-mobile-sensors-demo-main/DesignPatternMusic
C:/Users/User/Downloads/unity-mobile-sensors-demo-main/unity-mobile-sensors-demo-main/DesignPatternMusic
Using Asset Import Pipeline V2.
